<?xml version="1.0" encoding="UTF-8"?>
<testsuite xmlns:xsi="http://www.w3.org/2001/XMLSchema-instance" xsi:noNamespaceSchemaLocation="https://maven.apache.org/surefire/maven-surefire-plugin/xsd/surefire-test-report-3.0.xsd" version="3.0" name="com.bank.RunCucumberTest" time="0.169" tests="2" errors="0" skipped="0" failures="0">
  <properties>
    <property name="java.specification.version" value="21"/>
    <property name="sun.jnu.encoding" value="UTF-8"/>
    <property name="java.class.path" value="/Users/imane/Desktop/cucumber-java-testing/bank/target/test-classes:/Users/imane/Desktop/cucumber-java-testing/bank/target/classes:/Users/imane/.m2/repository/io/cucumber/cucumber-junit/7.15.0/cucumber-junit-7.15.0.jar:/Users/imane/.m2/repository/org/apiguardian/apiguardian-api/1.1.2/apiguardian-api-1.1.2.jar:/Users/imane/.m2/repository/io/cucumber/cucumber-core/7.15.0/cucumber-core-7.15.0.jar:/Users/imane/.m2/repository/io/cucumber/cucumber-gherkin/7.15.0/cucumber-gherkin-7.15.0.jar:/Users/imane/.m2/repository/io/cucumber/cucumber-gherkin-messages/7.15.0/cucumber-gherkin-messages-7.15.0.jar:/Users/imane/.m2/repository/io/cucumber/gherkin/26.2.0/gherkin-26.2.0.jar:/Users/imane/.m2/repository/io/cucumber/messages/22.0.0/messages-22.0.0.jar:/Users/imane/.m2/repository/io/cucumber/tag-expressions/6.0.0/tag-expressions-6.0.0.jar:/Users/imane/.m2/repository/io/cucumber/cucumber-expressions/17.0.1/cucumber-expressions-17.0.1.jar:/Users/imane/.m2/repository/io/cucumber/datatable/7.15.0/datatable-7.15.0.jar:/Users/imane/.m2/repository/io/cucumber/cucumber-plugin/7.15.0/cucumber-plugin-7.15.0.jar:/Users/imane/.m2/repository/io/cucumber/docstring/7.15.0/docstring-7.15.0.jar:/Users/imane/.m2/repository/io/cucumber/html-formatter/20.4.0/html-formatter-20.4.0.jar:/Users/imane/.m2/repository/io/cucumber/junit-xml-formatter/0.2.0/junit-xml-formatter-0.2.0.jar:/Users/imane/.m2/repository/io/cucumber/ci-environment/10.0.0/ci-environment-10.0.0.jar:/Users/imane/.m2/repository/junit/junit/4.13.2/junit-4.13.2.jar:/Users/imane/.m2/repository/org/hamcrest/hamcrest-core/1.3/hamcrest-core-1.3.jar:/Users/imane/.m2/repository/io/cucumber/cucumber-java/7.15.0/cucumber-java-7.15.0.jar:"/>
    <property name="java.vm.vendor" value="Eclipse Adoptium"/>
    <property name="sun.arch.data.model" value="64"/>
    <property name="java.vendor.url" value="https://adoptium.net/"/>
    <property name="os.name" value="Mac OS X"/>
    <property name="java.vm.specification.version" value="21"/>
    <property name="sun.java.launcher" value="SUN_STANDARD"/>
    <property name="user.country" value="US"/>
    <property name="sun.boot.library.path" value="/Library/Java/JavaVirtualMachines/temurin-21.jdk/Contents/Home/lib"/>
    <property name="sun.java.command" value="/Users/imane/Desktop/cucumber-java-testing/bank/target/surefire/surefirebooter-20231217085346548_3.jar /Users/imane/Desktop/cucumber-java-testing/bank/target/surefire 2023-12-17T08-53-46_501-jvmRun1 surefire-20231217085346548_1tmp surefire_0-20231217085346548_2tmp"/>
    <property name="jdk.debug" value="release"/>
    <property name="surefire.test.class.path" value="/Users/imane/Desktop/cucumber-java-testing/bank/target/test-classes:/Users/imane/Desktop/cucumber-java-testing/bank/target/classes:/Users/imane/.m2/repository/io/cucumber/cucumber-junit/7.15.0/cucumber-junit-7.15.0.jar:/Users/imane/.m2/repository/org/apiguardian/apiguardian-api/1.1.2/apiguardian-api-1.1.2.jar:/Users/imane/.m2/repository/io/cucumber/cucumber-core/7.15.0/cucumber-core-7.15.0.jar:/Users/imane/.m2/repository/io/cucumber/cucumber-gherkin/7.15.0/cucumber-gherkin-7.15.0.jar:/Users/imane/.m2/repository/io/cucumber/cucumber-gherkin-messages/7.15.0/cucumber-gherkin-messages-7.15.0.jar:/Users/imane/.m2/repository/io/cucumber/gherkin/26.2.0/gherkin-26.2.0.jar:/Users/imane/.m2/repository/io/cucumber/messages/22.0.0/messages-22.0.0.jar:/Users/imane/.m2/repository/io/cucumber/tag-expressions/6.0.0/tag-expressions-6.0.0.jar:/Users/imane/.m2/repository/io/cucumber/cucumber-expressions/17.0.1/cucumber-expressions-17.0.1.jar:/Users/imane/.m2/repository/io/cucumber/datatable/7.15.0/datatable-7.15.0.jar:/Users/imane/.m2/repository/io/cucumber/cucumber-plugin/7.15.0/cucumber-plugin-7.15.0.jar:/Users/imane/.m2/repository/io/cucumber/docstring/7.15.0/docstring-7.15.0.jar:/Users/imane/.m2/repository/io/cucumber/html-formatter/20.4.0/html-formatter-20.4.0.jar:/Users/imane/.m2/repository/io/cucumber/junit-xml-formatter/0.2.0/junit-xml-formatter-0.2.0.jar:/Users/imane/.m2/repository/io/cucumber/ci-environment/10.0.0/ci-environment-10.0.0.jar:/Users/imane/.m2/repository/junit/junit/4.13.2/junit-4.13.2.jar:/Users/imane/.m2/repository/org/hamcrest/hamcrest-core/1.3/hamcrest-core-1.3.jar:/Users/imane/.m2/repository/io/cucumber/cucumber-java/7.15.0/cucumber-java-7.15.0.jar:"/>
    <property name="sun.cpu.endian" value="little"/>
    <property name="user.home" value="/Users/imane"/>
    <property name="user.language" value="en"/>
    <property name="java.specification.vendor" value="Oracle Corporation"/>
    <property name="java.version.date" value="2023-09-19"/>
    <property name="java.home" value="/Library/Java/JavaVirtualMachines/temurin-21.jdk/Contents/Home"/>
    <property name="file.separator" value="/"/>
    <property name="basedir" value="/Users/imane/Desktop/cucumber-java-testing/bank"/>
    <property name="java.vm.compressedOopsMode" value="Zero based"/>
    <property name="line.separator" value="&#10;"/>
    <property name="java.specification.name" value="Java Platform API Specification"/>
    <property name="java.vm.specification.vendor" value="Oracle Corporation"/>
    <property name="apple.awt.application.name" value="ForkedBooter"/>
    <property name="surefire.real.class.path" value="/Users/imane/Desktop/cucumber-java-testing/bank/target/surefire/surefirebooter-20231217085346548_3.jar"/>
    <property name="sun.management.compiler" value="HotSpot 64-Bit Tiered Compilers"/>
    <property name="java.runtime.version" value="21+35-LTS"/>
    <property name="user.name" value="imane"/>
    <property name="stdout.encoding" value="UTF-8"/>
    <property name="path.separator" value=":"/>
    <property name="os.version" value="14.1"/>
    <property name="java.runtime.name" value="OpenJDK Runtime Environment"/>
    <property name="file.encoding" value="UTF-8"/>
    <property name="java.vm.name" value="OpenJDK 64-Bit Server VM"/>
    <property name="java.vendor.version" value="Temurin-21+35"/>
    <property name="localRepository" value="/Users/imane/.m2/repository"/>
    <property name="java.vendor.url.bug" value="https://github.com/adoptium/adoptium-support/issues"/>
    <property name="java.io.tmpdir" value="/var/folders/8s/znvx8gqx3fs_wy2hq69t7nhh0000gn/T/"/>
    <property name="java.version" value="21"/>
    <property name="user.dir" value="/Users/imane/Desktop/cucumber-java-testing/bank"/>
    <property name="os.arch" value="aarch64"/>
    <property name="java.vm.specification.name" value="Java Virtual Machine Specification"/>
    <property name="native.encoding" value="UTF-8"/>
    <property name="java.library.path" value="/Users/imane/Library/Java/Extensions:/Library/Java/Extensions:/Network/Library/Java/Extensions:/System/Library/Java/Extensions:/usr/lib/java:."/>
    <property name="java.vm.info" value="mixed mode"/>
    <property name="stderr.encoding" value="UTF-8"/>
    <property name="java.vendor" value="Eclipse Adoptium"/>
    <property name="java.vm.version" value="21+35-LTS"/>
    <property name="sun.io.unicode.encoding" value="UnicodeBig"/>
    <property name="java.class.version" value="65.0"/>
  </properties>
  <testcase name="Create an account and deposit money" classname="Bank Account Transactions" time="0.035"/>
  <testcase name="Create an account and withdraw money" classname="Bank Account Transactions" time="0.001"/>
</testsuite>